[2m2023-03-19T09:32:32.151985Z[0m [32m INFO[0m [2mwinit::platform_impl::platform::x11::window[0m[2m:[0m Guessed window scale factor: 1    
[2m2023-03-19T09:32:32.201491Z[0m [31mERROR[0m [2megui_winit::clipboard[0m[2m:[0m Cannot initialize smithay clipboard without a display handle!
[SimulatorThread] Started
Matching scan 0 (222) to 1 (222)
Matching scan 0 (296) to 2 (222)
Matching scan 0 (370) to 3 (222)
Matching scan 0 (444) to 4 (222)
Matching scan 0 (518) to 5 (231)
Matching scan 0 (595) to 6 (245)
Matching scan 0 (677) to 7 (248)
Matching scan 0 (760) to 8 (248)
Matching scan 0 (843) to 9 (255)
Matching scan 0 (928) to 10 (259)
Matching scan 0 (1015) to 11 (263)
Matching scan 0 (1103) to 12 (266)
Matching scan 0 (1192) to 13 (266)
Matching scan 0 (1281) to 14 (268)
Matching scan 0 (1371) to 15 (268)
Matching scan 0 (1461) to 16 (268)
Matching scan 0 (1551) to 17 (268)
Matching scan 0 (1641) to 18 (267)
Matching scan 0 (1730) to 19 (267)
Matching scan 0 (1819) to 20 (270)
Matching scan 0 (1909) to 21 (275)
Matching scan 0 (2001) to 22 (275)
Matching scan 0 (2093) to 23 (277)
Matching scan 0 (2186) to 24 (276)
Matching scan 0 (2278) to 25 (276)
Matching scan 0 (2370) to 26 (276)
Matching scan 0 (2462) to 27 (275)
Matching scan 0 (2554) to 28 (272)
Matching scan 0 (2645) to 29 (272)
Matching scan 0 (2736) to 30 (272)
Matching scan 0 (2827) to 31 (272)
Matching scan 0 (2918) to 32 (272)
Matching scan 0 (3009) to 33 (272)
Matching scan 0 (3100) to 34 (273)
Matching scan 0 (3191) to 35 (272)
Matching scan 0 (3282) to 36 (273)
Matching scan 0 (3373) to 37 (271)
Matching scan 0 (3464) to 38 (272)
Matching scan 0 (3555) to 39 (271)
Matching scan 0 (3646) to 40 (270)
Matching scan 0 (3736) to 41 (272)
Matching scan 0 (3827) to 42 (274)
Matching scan 0 (3919) to 43 (276)
Matching scan 0 (4011) to 44 (277)
Matching scan 0 (4104) to 45 (276)
Matching scan 0 (4196) to 46 (275)
Matching scan 0 (4288) to 47 (275)
Matching scan 0 (4380) to 48 (274)
Matching scan 0 (4472) to 49 (274)
Matching scan 0 (4564) to 50 (273)
Matching scan 0 (4655) to 51 (272)
Matching scan 0 (4746) to 52 (273)
Matching scan 0 (4837) to 53 (271)
Matching scan 0 (4928) to 54 (272)
Matching scan 0 (5019) to 55 (273)
Matching scan 0 (5110) to 56 (273)
Matching scan 0 (5201) to 57 (272)
Matching scan 0 (5292) to 58 (272)
Matching scan 0 (5383) to 59 (271)
Matching scan 0 (5474) to 60 (272)
Matching scan 0 (5565) to 61 (272)
Matching scan 0 (5656) to 62 (271)
Matching scan 0 (5747) to 63 (278)
Matching scan 0 (5840) to 64 (282)
Matching scan 0 (5934) to 65 (283)
Matching scan 0 (6029) to 66 (286)
Matching scan 0 (6125) to 67 (289)
Matching scan 0 (6222) to 68 (291)
Matching scan 0 (6319) to 69 (292)
Matching scan 0 (6417) to 70 (293)
Matching scan 0 (6515) to 71 (291)
Matching scan 0 (6612) to 72 (291)
Matching scan 0 (6709) to 73 (287)
Matching scan 0 (6805) to 74 (287)
Matching scan 0 (6901) to 75 (284)
Matching scan 0 (6996) to 76 (282)
Matching scan 0 (7090) to 77 (279)
Matching scan 0 (7183) to 78 (276)
Matching scan 0 (7275) to 79 (273)
Matching scan 0 (7366) to 80 (270)
Matching scan 0 (7456) to 81 (270)
Matching scan 0 (7546) to 82 (276)
Matching scan 0 (7638) to 83 (281)
Matching scan 0 (7732) to 84 (283)
Matching scan 0 (7827) to 85 (283)
Matching scan 0 (7922) to 86 (284)
Matching scan 0 (8017) to 87 (284)
Matching scan 0 (8112) to 88 (283)
Matching scan 0 (8207) to 89 (282)
Matching scan 0 (8301) to 90 (281)
Matching scan 0 (8395) to 91 (284)
Matching scan 0 (8490) to 92 (289)
Matching scan 0 (8587) to 93 (290)
Matching scan 0 (8684) to 94 (290)
Matching scan 0 (8781) to 95 (288)
Matching scan 0 (8877) to 96 (285)
Matching scan 0 (8972) to 97 (280)
Matching scan 0 (9066) to 98 (267)
Matching scan 0 (9155) to 99 (259)
Matching scan 0 (9242) to 100 (261)
Matching scan 0 (9329) to 101 (263)
Matching scan 0 (9417) to 102 (266)
Matching scan 0 (9506) to 103 (267)
Matching scan 0 (9595) to 104 (268)
Matching scan 0 (9685) to 105 (272)
Matching scan 0 (9776) to 106 (275)
Matching scan 0 (9868) to 107 (276)
Matching scan 0 (9960) to 108 (280)
Matching scan 0 (10054) to 109 (283)
Matching scan 0 (10149) to 110 (285)
Matching scan 0 (10244) to 111 (289)
Matching scan 0 (10341) to 112 (291)
Matching scan 0 (10438) to 113 (293)
Matching scan 0 (10536) to 114 (295)
Matching scan 0 (10635) to 115 (298)
Matching scan 0 (10735) to 116 (299)
Matching scan 0 (10835) to 117 (300)
Matching scan 0 (10935) to 118 (300)
Matching scan 0 (11035) to 119 (301)
Matching scan 0 (11136) to 120 (302)
Matching scan 0 (11237) to 121 (303)
Matching scan 0 (11338) to 122 (305)
Matching scan 0 (11440) to 123 (305)
Matching scan 0 (11542) to 124 (306)
Matching scan 0 (11644) to 125 (306)
Matching scan 0 (11746) to 126 (307)
Matching scan 0 (11849) to 127 (306)
Matching scan 0 (11951) to 128 (306)
Matching scan 0 (12053) to 129 (306)
Matching scan 0 (12155) to 130 (307)
Matching scan 0 (12258) to 131 (308)
Matching scan 0 (12361) to 132 (306)
Matching scan 0 (12463) to 133 (306)
Matching scan 0 (12565) to 134 (306)
Matching scan 0 (12667) to 135 (304)
Matching scan 0 (12769) to 136 (304)
Matching scan 0 (12871) to 137 (304)
Matching scan 0 (12973) to 138 (304)
Matching scan 0 (13075) to 139 (303)
Matching scan 0 (13176) to 140 (302)
Matching scan 0 (13277) to 141 (301)
Matching scan 0 (13378) to 142 (302)
Matching scan 0 (13479) to 143 (300)
Matching scan 0 (13579) to 144 (299)
Matching scan 0 (13679) to 145 (301)
Matching scan 0 (13780) to 146 (303)
Matching scan 0 (13881) to 147 (304)
Matching scan 0 (13983) to 148 (307)
Matching scan 0 (14086) to 149 (309)
Matching scan 0 (14189) to 150 (309)
Matching scan 0 (14292) to 151 (310)
Matching scan 0 (14396) to 152 (312)
Matching scan 0 (14500) to 153 (312)
Matching scan 0 (14604) to 154 (315)
Matching scan 0 (14709) to 155 (315)
Matching scan 0 (14814) to 156 (317)
Matching scan 0 (14920) to 157 (319)
Matching scan 0 (15027) to 158 (320)
Matching scan 0 (15134) to 159 (321)
Matching scan 0 (15241) to 160 (322)
Matching scan 0 (15349) to 161 (325)
Matching scan 0 (15458) to 162 (326)
Matching scan 0 (15567) to 163 (326)
Matching scan 0 (15676) to 164 (329)
Matching scan 0 (15786) to 165 (329)
Matching scan 0 (15896) to 166 (331)
Matching scan 0 (16007) to 167 (333)
Matching scan 0 (16118) to 168 (334)
Matching scan 0 (16230) to 169 (334)
Matching scan 0 (16342) to 170 (335)
Matching scan 0 (16454) to 171 (336)
Matching scan 0 (16566) to 172 (336)
Matching scan 0 (16678) to 173 (336)
Matching scan 0 (16790) to 174 (337)
Matching scan 0 (16903) to 175 (337)
Matching scan 0 (17016) to 176 (337)
Matching scan 0 (17129) to 177 (335)
Matching scan 0 (17241) to 178 (334)
Matching scan 0 (17353) to 179 (332)
Matching scan 0 (17464) to 180 (331)
Matching scan 0 (17575) to 181 (329)
Matching scan 0 (17685) to 182 (328)
Matching scan 0 (17795) to 183 (326)
Matching scan 0 (17904) to 184 (325)
Matching scan 0 (18013) to 185 (323)
Matching scan 0 (18121) to 186 (322)
Matching scan 0 (18229) to 187 (321)
Matching scan 0 (18336) to 188 (322)
Matching scan 0 (18444) to 189 (323)
Matching scan 0 (18552) to 190 (324)
Matching scan 0 (18660) to 191 (324)
Matching scan 0 (18768) to 192 (324)
Matching scan 0 (18876) to 193 (325)
Matching scan 0 (18985) to 194 (326)
Matching scan 0 (19094) to 195 (328)
Matching scan 0 (19204) to 196 (329)
Matching scan 0 (19314) to 197 (329)
Matching scan 0 (19424) to 198 (330)
Matching scan 0 (19534) to 199 (331)
Matching scan 0 (19645) to 200 (330)
Matching scan 0 (19755) to 201 (326)
Matching scan 0 (19864) to 202 (324)
Matching scan 0 (19972) to 203 (323)
Matching scan 0 (20080) to 204 (323)
Matching scan 0 (20188) to 205 (323)
Matching scan 0 (20296) to 206 (323)
Matching scan 0 (20404) to 207 (323)
Matching scan 0 (20512) to 208 (321)
Matching scan 0 (20619) to 209 (320)
Matching scan 0 (20726) to 210 (321)
Matching scan 0 (20833) to 211 (322)
Matching scan 0 (20941) to 212 (322)
Matching scan 0 (21049) to 213 (321)
Matching scan 0 (21156) to 214 (322)
Matching scan 0 (21264) to 215 (322)
Matching scan 0 (21372) to 216 (321)
Matching scan 0 (21479) to 217 (329)
Matching scan 0 (21589) to 218 (343)
Matching scan 0 (21704) to 219 (341)
Matching scan 0 (21818) to 220 (339)
Matching scan 0 (21931) to 221 (337)
Matching scan 0 (22044) to 222 (333)
Matching scan 0 (22155) to 223 (328)
Matching scan 0 (22265) to 224 (320)
Matching scan 0 (22372) to 225 (316)
Matching scan 0 (22478) to 226 (315)
Matching scan 0 (22583) to 227 (306)
Matching scan 0 (22685) to 228 (304)
Matching scan 0 (22787) to 229 (303)
Matching scan 0 (22888) to 230 (301)
Matching scan 0 (22989) to 231 (299)
Matching scan 0 (23089) to 232 (300)
Matching scan 0 (23189) to 233 (300)
Matching scan 0 (23289) to 234 (298)
Matching scan 0 (23389) to 235 (300)
Matching scan 0 (23489) to 236 (300)
Matching scan 0 (23589) to 237 (300)
Matching scan 0 (23689) to 238 (301)
Matching scan 0 (23790) to 239 (301)
Matching scan 0 (23891) to 240 (301)
Matching scan 0 (23992) to 241 (302)
Matching scan 0 (24093) to 242 (301)
Matching scan 0 (24194) to 243 (301)
Matching scan 0 (24295) to 244 (299)
Matching scan 0 (24395) to 245 (299)
Matching scan 0 (24495) to 246 (300)
Matching scan 0 (24595) to 247 (298)
Matching scan 0 (24695) to 248 (298)
Matching scan 0 (24795) to 249 (296)
Matching scan 0 (24894) to 250 (295)
Matching scan 0 (24993) to 251 (293)
Matching scan 0 (25091) to 252 (292)
Matching scan 0 (25189) to 253 (290)
Matching scan 0 (25286) to 254 (288)
Matching scan 0 (25382) to 255 (287)
Matching scan 0 (25478) to 256 (287)
Matching scan 0 (25574) to 257 (288)
Matching scan 0 (25670) to 258 (290)
Matching scan 0 (25767) to 259 (292)
Matching scan 0 (25865) to 260 (293)
Matching scan 0 (25963) to 261 (294)
Matching scan 0 (26061) to 262 (296)
Matching scan 0 (26160) to 263 (297)
Matching scan 0 (26259) to 264 (299)
Matching scan 0 (26359) to 265 (301)
Matching scan 0 (26460) to 266 (301)
Matching scan 0 (26561) to 267 (302)
Matching scan 0 (26662) to 268 (304)
Matching scan 0 (26764) to 269 (305)
Matching scan 0 (26866) to 270 (305)
Matching scan 0 (26968) to 271 (307)
Matching scan 0 (27071) to 272 (307)
Matching scan 0 (27174) to 273 (306)
Matching scan 0 (27276) to 274 (306)
Matching scan 0 (27378) to 275 (307)
Matching scan 0 (27481) to 276 (307)
Matching scan 0 (27584) to 277 (307)
Matching scan 0 (27687) to 278 (306)
Matching scan 0 (27789) to 279 (306)
Matching scan 0 (27891) to 280 (303)
Matching scan 0 (27992) to 281 (301)
Matching scan 0 (28093) to 282 (300)
Matching scan 0 (28193) to 283 (297)
Matching scan 0 (28292) to 284 (294)
Matching scan 0 (28390) to 285 (291)
Matching scan 0 (28487) to 286 (287)
Matching scan 0 (28583) to 287 (285)
Matching scan 0 (28678) to 288 (283)
Matching scan 0 (28773) to 289 (280)
Matching scan 0 (28867) to 290 (279)
Matching scan 0 (28960) to 291 (287)
Matching scan 0 (29056) to 292 (290)
Matching scan 0 (29153) to 293 (295)
Matching scan 0 (29252) to 294 (299)
Matching scan 0 (29352) to 295 (303)
Matching scan 0 (29453) to 296 (303)
Matching scan 0 (29554) to 297 (303)
Matching scan 0 (29655) to 298 (304)
Matching scan 0 (29757) to 299 (304)
Matching scan 0 (29859) to 300 (305)
Matching scan 0 (29961) to 301 (305)
Matching scan 0 (30063) to 302 (305)
Matching scan 0 (30165) to 303 (307)
Matching scan 0 (30268) to 304 (307)
Matching scan 0 (30371) to 305 (307)
Matching scan 0 (30474) to 306 (307)
Matching scan 0 (30577) to 307 (303)
Matching scan 0 (30678) to 308 (302)
Matching scan 0 (30779) to 309 (299)
Matching scan 0 (30879) to 310 (295)
Matching scan 0 (30978) to 311 (290)
Matching scan 0 (31075) to 312 (285)
Matching scan 0 (31170) to 313 (280)
Matching scan 0 (31264) to 314 (274)
Matching scan 0 (31356) to 315 (272)
Matching scan 0 (31447) to 316 (271)
Matching scan 0 (31538) to 317 (267)
Matching scan 0 (31627) to 318 (264)
Matching scan 0 (31715) to 319 (256)
Matching scan 0 (31801) to 320 (252)
Matching scan 0 (31885) to 321 (248)
Matching scan 0 (31968) to 322 (255)
Matching scan 0 (32053) to 323 (261)
Matching scan 0 (32140) to 324 (267)
Matching scan 0 (32229) to 325 (272)
Matching scan 0 (32320) to 326 (276)
Matching scan 0 (32412) to 327 (277)
Matching scan 0 (32505) to 328 (277)
Matching scan 0 (32598) to 329 (282)
Matching scan 0 (32692) to 330 (288)
Matching scan 0 (32788) to 331 (293)
Matching scan 0 (32886) to 332 (294)
Matching scan 0 (32984) to 333 (298)
Matching scan 0 (33084) to 334 (302)
Matching scan 0 (33185) to 335 (304)
Matching scan 0 (33287) to 336 (305)
Matching scan 0 (33389) to 337 (305)
Matching scan 0 (33491) to 338 (305)
Matching scan 0 (33593) to 339 (306)
Matching scan 0 (33695) to 340 (307)
Matching scan 0 (33798) to 341 (307)
Matching scan 0 (33901) to 342 (308)
Matching scan 0 (34004) to 343 (308)
Matching scan 0 (34107) to 344 (311)
Matching scan 0 (34211) to 345 (314)
Matching scan 0 (34316) to 346 (314)
Matching scan 0 (34421) to 347 (315)
Matching scan 0 (34526) to 348 (318)
Matching scan 0 (34632) to 349 (318)
Matching scan 0 (34738) to 350 (318)
Matching scan 0 (34844) to 351 (317)
Matching scan 0 (34950) to 352 (316)
Matching scan 0 (35056) to 353 (316)
Matching scan 0 (35162) to 354 (315)
Matching scan 0 (35267) to 355 (314)
Matching scan 0 (35372) to 356 (309)
Matching scan 0 (35475) to 357 (302)
Matching scan 0 (35576) to 358 (294)
Matching scan 0 (35674) to 359 (278)
Matching scan 0 (35767) to 360 (286)
Matching scan 0 (35863) to 361 (296)
Matching scan 0 (35962) to 362 (303)
Matching scan 0 (36063) to 363 (308)
Matching scan 0 (36166) to 364 (311)
Matching scan 0 (36270) to 365 (312)
Matching scan 0 (36374) to 366 (313)
Matching scan 0 (36479) to 367 (313)
Matching scan 0 (36584) to 368 (312)
Matching scan 0 (36688) to 369 (312)
Matching scan 0 (36792) to 370 (312)
Matching scan 0 (36896) to 371 (311)
Matching scan 0 (37000) to 372 (311)
Matching scan 0 (37104) to 373 (309)
Matching scan 0 (37207) to 374 (309)
Matching scan 0 (37310) to 375 (308)
Matching scan 0 (37413) to 376 (305)
Matching scan 0 (37515) to 377 (303)
Matching scan 0 (37616) to 378 (300)
Matching scan 0 (37716) to 379 (296)
Matching scan 0 (37815) to 380 (293)
Matching scan 0 (37913) to 381 (290)
Matching scan 0 (38010) to 382 (285)
Matching scan 0 (38105) to 383 (281)
Matching scan 0 (38199) to 384 (276)
Matching scan 0 (38291) to 385 (272)
Matching scan 0 (38382) to 386 (271)
Matching scan 0 (38473) to 387 (272)
Matching scan 0 (38564) to 388 (272)
Matching scan 0 (38655) to 389 (273)
Matching scan 0 (38746) to 390 (272)
Matching scan 0 (38837) to 391 (274)
Matching scan 0 (38929) to 392 (273)
Matching scan 0 (39020) to 393 (273)
Matching scan 0 (39111) to 394 (273)
Matching scan 0 (39202) to 395 (274)
Matching scan 0 (39294) to 396 (278)
Matching scan 0 (39387) to 397 (282)
Matching scan 0 (39481) to 398 (282)
Matching scan 0 (39575) to 399 (285)
Matching scan 0 (39670) to 400 (283)
Matching scan 0 (39765) to 401 (282)
Matching scan 0 (39859) to 402 (284)
Matching scan 0 (39954) to 403 (284)
Matching scan 0 (40049) to 404 (284)
Matching scan 0 (40144) to 405 (284)
Matching scan 0 (40239) to 406 (284)
Matching scan 0 (40334) to 407 (284)
Matching scan 0 (40429) to 408 (284)
Matching scan 0 (40524) to 409 (284)
Matching scan 0 (40619) to 410 (284)
Matching scan 0 (40714) to 411 (284)
Matching scan 0 (40809) to 412 (284)
Matching scan 0 (40904) to 413 (284)
Matching scan 0 (40999) to 414 (284)
Matching scan 0 (41094) to 415 (284)
Matching scan 0 (41189) to 416 (284)
Matching scan 0 (41284) to 417 (284)
Matching scan 0 (41379) to 418 (284)
Matching scan 0 (41474) to 419 (284)
Matching scan 0 (41569) to 420 (284)
Matching scan 0 (41664) to 421 (284)
Matching scan 0 (41759) to 422 (284)
Matching scan 0 (41854) to 423 (284)
Matching scan 0 (41949) to 424 (284)
Matching scan 0 (42044) to 425 (284)
Matching scan 0 (42139) to 426 (284)
Matching scan 0 (42234) to 427 (284)
Matching scan 0 (42329) to 428 (284)
Matching scan 0 (42424) to 429 (284)
Matching scan 0 (42519) to 430 (284)
Matching scan 0 (42614) to 431 (284)
Matching scan 0 (42709) to 432 (284)
Matching scan 0 (42804) to 433 (284)
Matching scan 0 (42899) to 434 (284)
Matching scan 0 (42994) to 435 (284)
Matching scan 0 (43089) to 436 (284)
Matching scan 0 (43184) to 437 (284)
Matching scan 0 (43279) to 438 (284)
Matching scan 0 (43374) to 439 (284)
Matching scan 0 (43469) to 440 (284)
Matching scan 0 (43564) to 441 (284)
Matching scan 0 (43659) to 442 (284)
Matching scan 0 (43754) to 443 (284)
Matching scan 0 (43849) to 444 (284)
Matching scan 0 (43944) to 445 (284)
Matching scan 0 (44039) to 446 (284)
Matching scan 0 (44134) to 447 (284)
Matching scan 0 (44229) to 448 (284)
Matching scan 0 (44324) to 449 (284)
Matching scan 0 (44419) to 450 (284)
Matching scan 0 (44514) to 451 (284)
Matching scan 0 (44609) to 452 (284)
Matching scan 0 (44704) to 453 (284)
Matching scan 0 (44799) to 454 (284)
Matching scan 0 (44894) to 455 (284)
Matching scan 0 (44989) to 456 (284)
Matching scan 0 (45084) to 457 (284)
Matching scan 0 (45179) to 458 (284)
Matching scan 0 (45274) to 459 (284)
Matching scan 0 (45369) to 460 (284)
Matching scan 0 (45464) to 461 (284)
Matching scan 0 (45559) to 462 (284)
Matching scan 0 (45654) to 463 (284)
Matching scan 0 (45749) to 464 (284)
Matching scan 0 (45844) to 465 (284)
Matching scan 0 (45939) to 466 (284)
Matching scan 0 (46034) to 467 (284)
Matching scan 0 (46129) to 468 (284)
Matching scan 0 (46224) to 469 (284)
Matching scan 0 (46319) to 470 (284)
Matching scan 0 (46414) to 471 (284)
Matching scan 0 (46509) to 472 (284)
Matching scan 0 (46604) to 473 (284)
Matching scan 0 (46699) to 474 (284)
Matching scan 0 (46794) to 475 (284)
Matching scan 0 (46889) to 476 (284)
Matching scan 0 (46984) to 477 (284)
Matching scan 0 (47079) to 478 (284)
Matching scan 0 (47174) to 479 (284)
Matching scan 0 (47269) to 480 (284)
Matching scan 0 (47364) to 481 (284)
Matching scan 0 (47459) to 482 (284)
Matching scan 0 (47554) to 483 (284)
Matching scan 0 (47649) to 484 (284)
Matching scan 0 (47744) to 485 (284)
Matching scan 0 (47839) to 486 (284)
Matching scan 0 (47934) to 487 (284)
Matching scan 0 (48029) to 488 (284)
Matching scan 0 (48124) to 489 (284)
Matching scan 0 (48219) to 490 (284)
Matching scan 0 (48314) to 491 (284)
Matching scan 0 (48409) to 492 (284)
Matching scan 0 (48504) to 493 (284)
Matching scan 0 (48599) to 494 (284)
Matching scan 0 (48694) to 495 (284)
Matching scan 0 (48789) to 496 (284)
Matching scan 0 (48884) to 497 (284)
Matching scan 0 (48979) to 498 (284)
Matching scan 0 (49074) to 499 (284)
Matching scan 0 (49169) to 500 (284)
Matching scan 0 (49264) to 501 (284)
Matching scan 0 (49359) to 502 (284)
Matching scan 0 (49454) to 503 (284)
Matching scan 0 (49549) to 504 (284)
Matching scan 0 (49644) to 505 (284)
Matching scan 0 (49739) to 506 (284)
Matching scan 0 (49834) to 507 (284)
Matching scan 0 (49929) to 508 (284)
Matching scan 0 (50024) to 509 (284)
Matching scan 0 (50119) to 510 (284)
Matching scan 0 (50214) to 511 (284)
Matching scan 0 (50309) to 512 (284)
Matching scan 0 (50404) to 513 (284)
Matching scan 0 (50499) to 514 (284)
Matching scan 0 (50594) to 515 (284)
Matching scan 0 (50689) to 516 (284)
Matching scan 0 (50784) to 517 (284)
Matching scan 0 (50879) to 518 (284)
Matching scan 0 (50974) to 519 (284)
Matching scan 0 (51069) to 520 (284)
Matching scan 0 (51164) to 521 (284)
Matching scan 0 (51259) to 522 (284)
Matching scan 0 (51354) to 523 (284)
Matching scan 0 (51449) to 524 (284)
Matching scan 0 (51544) to 525 (284)
Matching scan 0 (51639) to 526 (284)
Matching scan 0 (51734) to 527 (284)
Matching scan 0 (51829) to 528 (284)
Matching scan 0 (51924) to 529 (284)
Matching scan 0 (52019) to 530 (284)
Matching scan 0 (52114) to 531 (284)
Matching scan 0 (52209) to 532 (284)
Matching scan 0 (52304) to 533 (284)
Matching scan 0 (52399) to 534 (284)
Matching scan 0 (52494) to 535 (284)
Matching scan 0 (52589) to 536 (284)
Matching scan 0 (52684) to 537 (284)
Matching scan 0 (52779) to 538 (284)
Matching scan 0 (52874) to 539 (284)
Matching scan 0 (52969) to 540 (284)
Matching scan 0 (53064) to 541 (284)
Matching scan 0 (53159) to 542 (284)
Matching scan 0 (53254) to 543 (284)
Matching scan 0 (53349) to 544 (284)
Matching scan 0 (53444) to 545 (284)
Matching scan 0 (53539) to 546 (284)
Matching scan 0 (53634) to 547 (284)
Matching scan 0 (53729) to 548 (284)
Matching scan 0 (53824) to 549 (284)
Matching scan 0 (53919) to 550 (284)
Matching scan 0 (54014) to 551 (284)
Matching scan 0 (54109) to 552 (284)
Matching scan 0 (54204) to 553 (284)
Matching scan 0 (54299) to 554 (284)
Matching scan 0 (54394) to 555 (284)
Matching scan 0 (54489) to 556 (284)
Matching scan 0 (54584) to 557 (284)
Matching scan 0 (54679) to 558 (284)
Matching scan 0 (54774) to 559 (284)
Matching scan 0 (54869) to 560 (284)
Matching scan 0 (54964) to 561 (284)
Matching scan 0 (55059) to 562 (284)
Matching scan 0 (55154) to 563 (284)
Matching scan 0 (55249) to 564 (284)
Matching scan 0 (55344) to 565 (284)
Matching scan 0 (55439) to 566 (284)
Matching scan 0 (55534) to 567 (284)
Matching scan 0 (55629) to 568 (284)
Matching scan 0 (55724) to 569 (284)
Matching scan 0 (55819) to 570 (284)
Matching scan 0 (55914) to 571 (284)
Matching scan 0 (56009) to 572 (284)
Matching scan 0 (56104) to 573 (284)
Matching scan 0 (56199) to 574 (284)
